-- The C compiler identification is GNU 11.4.0
-- The CXX compiler identification is GNU 11.4.0
-- Detecting C compiler ABI info
-- Detecting C compiler ABI info - done
-- Check for working C compiler: /usr/bin/cc - skipped
-- Detecting C compile features
-- Detecting C compile features - done
-- Detecting CXX compiler ABI info
-- Detecting CXX compiler ABI info - done
-- Check for working CXX compiler: /usr/bin/c++ - skipped
-- Detecting CXX compile features
-- Detecting CXX compile features - done
-- Found ament_cmake: 1.3.11 (/opt/ros/humble/share/ament_cmake/cmake)
-- Found Python3: /usr/bin/python3 (found version "3.10.12") found components: Interpreter 
-- Override CMake install command with custom implementation using symlinks instead of copying resources
-- Found ament_cmake_ros: 0.10.0 (/opt/ros/humble/share/ament_cmake_ros/cmake)
-- Found diagnostic_msgs: 4.2.4 (/opt/ros/humble/share/diagnostic_msgs/cmake)
-- Found rosidl_generator_c: 3.1.6 (/opt/ros/humble/share/rosidl_generator_c/cmake)
-- Found rosidl_adapter: 3.1.6 (/opt/ros/humble/share/rosidl_adapter/cmake)
-- Found rosidl_generator_cpp: 3.1.6 (/opt/ros/humble/share/rosidl_generator_cpp/cmake)
-- Using all available rosidl_typesupport_c: rosidl_typesupport_fastrtps_c;rosidl_typesupport_introspection_c
-- Using all available rosidl_typesupport_cpp: rosidl_typesupport_fastrtps_cpp;rosidl_typesupport_introspection_cpp
-- Found geometry_msgs: 4.2.4 (/opt/ros/humble/share/geometry_msgs/cmake)
-- Found lifecycle_msgs: 1.2.1 (/opt/ros/humble/share/lifecycle_msgs/cmake)
-- Found map_msgs: 2.1.0 (/opt/ros/humble/share/map_msgs/cmake)
-- Found pendulum_msgs: 0.20.5 (/opt/ros/humble/share/pendulum_msgs/cmake)
-- Found rosgraph_msgs: 1.2.1 (/opt/ros/humble/share/rosgraph_msgs/cmake)
-- Found shape_msgs: 4.2.4 (/opt/ros/humble/share/shape_msgs/cmake)
-- Found stereo_msgs: 4.2.4 (/opt/ros/humble/share/stereo_msgs/cmake)
-- Found tf2_geometry_msgs: 0.25.12 (/opt/ros/humble/share/tf2_geometry_msgs/cmake)
-- Found eigen3_cmake_module: 0.1.1 (/opt/ros/humble/share/eigen3_cmake_module/cmake)
-- Found Eigen3: TRUE (found version "3.4.0") 
-- Ensuring Eigen3 include directory is part of orocos-kdl CMake target
-- Found rmw_implementation_cmake: 6.1.2 (/opt/ros/humble/share/rmw_implementation_cmake/cmake)
-- Found rmw_fastrtps_cpp: 6.2.7 (/opt/ros/humble/share/rmw_fastrtps_cpp/cmake)
-- Found OpenSSL: /usr/lib/x86_64-linux-gnu/libcrypto.so (found version "3.0.2")  
-- Found FastRTPS: /opt/ros/humble/include  
-- Using RMW implementation 'rmw_fastrtps_cpp' as default
-- Looking for pthread.h
-- Looking for pthread.h - found
-- Performing Test CMAKE_HAVE_LIBC_PTHREAD
-- Performing Test CMAKE_HAVE_LIBC_PTHREAD - Success
-- Found Threads: TRUE  
-- Found trajectory_msgs: 4.2.4 (/opt/ros/humble/share/trajectory_msgs/cmake)
-- Found visualization_msgs: 4.2.4 (/opt/ros/humble/share/visualization_msgs/cmake)
-- Found std_srvs: 4.2.4 (/opt/ros/humble/share/std_srvs/cmake)
-- Found example_interfaces: 0.9.3 (/opt/ros/humble/share/example_interfaces/cmake)
-- Found image_transport: 3.1.10 (/opt/ros/humble/share/image_transport/cmake)
-- CoppeliaSim: COPPELIASIM_INCLUDE_DIR: /home/johanito/Documents/coppeliasim/programming/include
-- CoppeliaSim: COPPELIASIM_ROOT_DIR: /home/johanito/Documents/coppeliasim
-- Checking CoppeliaSim header version...
-- CoppeliaSim headers version 4.9.0 rev6
-- CoppeliaSim: COPPELIASIM_RESOURCES_DIR: /home/johanito/Documents/coppeliasim
-- CoppeliaSim: COPPELIASIM_PLUGINS_DIR: /home/johanito/Documents/coppeliasim
-- CoppeliaSim: COPPELIASIM_EXECUTABLES_DIR: /home/johanito/Documents/coppeliasim
-- CoppeliaSim: COPPELIASIM_LIBRARIES_DIR: /home/johanito/Documents/coppeliasim
-- CoppeliaSim: COPPELIASIM_ADDONS_DIR: /home/johanito/Documents/coppeliasim/addOns
-- CoppeliaSim: COPPELIASIM_MANUAL_DIR: /home/johanito/Documents/coppeliasim/manual
-- CoppeliaSim: COPPELIASIM_MODELS_DIR: /home/johanito/Documents/coppeliasim/models
-- CoppeliaSim: COPPELIASIM_SCENES_DIR: /home/johanito/Documents/coppeliasim/scenes
-- CoppeliaSim: COPPELIASIM_LUA_DIR: /home/johanito/Documents/coppeliasim/lua
-- CoppeliaSim: COPPELIASIM_PYTHON_DIR: /home/johanito/Documents/coppeliasim/python
-- CoppeliaSim: COPPELIASIM_EXECUTABLE: /home/johanito/Documents/coppeliasim/coppeliaSim
-- Found Boost: /usr/lib/x86_64-linux-gnu/cmake/Boost-1.74.0/BoostConfig.cmake (found version "1.74.0") found components: regex 
-- Found Git: /usr/bin/git (found version "2.34.1") 
-- Found Boost: /usr/lib/x86_64-linux-gnu/cmake/Boost-1.74.0/BoostConfig.cmake (found version "1.74.0")  
-- Adding simStubsGen command...
-- Reading plugin metadata...
-- Plugin: simROS2
-- Configuring done
-- Generating done
-- Build files have been written to: /home/johanito/Documents/phantom_ws/build/sim_ros2_interface
[  2%] [34m[1mGenerating generated/actcli_cancelLastGoal.cpp[0m
[  5%] [34m[1mGenerating generated/actcli_sendGoal.cpp[0m
[  7%] [34m[1mGenerating generated/actsrv_action_abort.cpp[0m
[ 10%] [34m[1mGenerating generated/actsrv_action_canceled.cpp[0m
[ 12%] [34m[1mGenerating generated/actsrv_action_execute.cpp[0m
[ 15%] [34m[1mGenerating generated/actsrv_action_is_active.cpp[0m
[ 17%] [34m[1mGenerating generated/actsrv_action_is_canceling.cpp[0m
[ 20%] [34m[1mGenerating generated/actsrv_action_is_executing.cpp[0m
[ 22%] [34m[1mGenerating generated/actsrv_action_publish_feedback.cpp[0m
[ 25%] [34m[1mGenerating generated/actsrv_action_succeed.cpp[0m
[ 27%] [34m[1mGenerating generated/actsrv_del.cpp[0m
[ 30%] [34m[1mGenerating generated/actsrv_new.cpp[0m
[ 32%] [34m[1mGenerating generated/callbacks.cpp[0m
[ 35%] [34m[1mGenerating generated/callbacks.h[0m
[ 37%] [34m[1mGenerating generated/cli_call.cpp[0m
[ 40%] [34m[1mGenerating generated/cli_del.cpp[0m
[ 42%] [34m[1mGenerating generated/cli_new.cpp[0m
[ 45%] [34m[1mGenerating generated/cli_wait.cpp[0m
[ 47%] [34m[1mGenerating generated/if_const.cpp[0m
[ 50%] [34m[1mGenerating generated/if_list.cpp[0m
[ 52%] [34m[1mGenerating generated/if_new.cpp[0m
[ 55%] [34m[1mGenerating generated/pub_del.cpp[0m
[ 57%] [34m[1mGenerating generated/pub_new.cpp[0m
[ 60%] [34m[1mGenerating generated/pub_publish.cpp[0m
[ 62%] [34m[1mGenerating generated/srv_del.cpp[0m
[ 65%] [34m[1mGenerating generated/srv_new.cpp[0m
[ 67%] [34m[1mGenerating generated/sub_del.cpp[0m
[ 70%] [34m[1mGenerating generated/sub_new.cpp[0m
[ 72%] [34m[1mGenerating generated/actcli_new.cpp[0m
[ 75%] [34m[1mGenerating generated/actcli_del.cpp[0m
[ 75%] Built target generate_ros_code
[ 77%] [34m[1mGenerating generated/stubs.cpp, generated/stubs.h, generated/plugin.h, generated/stubsPlusPlus.cpp, generated/index.json, generated/reference.html, generated/typecheck.lua[0m
/home/johanito/Documents/coppeliasim/programming/include/simStubsGen/generate.py --verbose --xml-file /home/johanito/Documents/phantom_ws/src/sim_ros2_interface/meta/callbacks.xml --gen-all /home/johanito/Documents/phantom_ws/build/sim_ros2_interface/generated --lua-file /home/johanito/Documents/phantom_ws/src/sim_ros2_interface/lua/simROS2.lua
/usr/bin/python3 /home/johanito/Documents/coppeliasim/programming/include/simStubsGen/generate_lua_xml.py /home/johanito/Documents/phantom_ws/src/sim_ros2_interface/meta/callbacks.xml /home/johanito/Documents/phantom_ws/src/sim_ros2_interface/lua/simROS2.lua /home/johanito/Documents/phantom_ws/build/sim_ros2_interface/generated/lua.xml
/usr/bin/python3 /home/johanito/Documents/coppeliasim/programming/include/simStubsGen/merge_xml.py /home/johanito/Documents/phantom_ws/src/sim_ros2_interface/meta/callbacks.xml /home/johanito/Documents/phantom_ws/build/sim_ros2_interface/generated/lua.xml /home/johanito/Documents/phantom_ws/build/sim_ros2_interface/generated/reference.xml
xsltproc -o /home/johanito/Documents/phantom_ws/build/sim_ros2_interface/generated/reference.html /home/johanito/Documents/coppeliasim/programming/include/simStubsGen/xsl/reference.xsl /home/johanito/Documents/phantom_ws/build/sim_ros2_interface/generated/reference.xml
/usr/bin/python3 /home/johanito/Documents/coppeliasim/programming/include/simStubsGen/generate_lua_typechecker.py /home/johanito/Documents/phantom_ws/src/sim_ros2_interface/meta/callbacks.xml /home/johanito/Documents/phantom_ws/src/sim_ros2_interface/lua/simROS2.lua /home/johanito/Documents/phantom_ws/build/sim_ros2_interface/generated/lua.xml /home/johanito/Documents/phantom_ws/build/sim_ros2_interface/generated/typecheck.lua
/usr/bin/python3 /home/johanito/Documents/coppeliasim/programming/include/simStubsGen/generate_api_index.py /home/johanito/Documents/phantom_ws/build/sim_ros2_interface/generated/reference.xml /home/johanito/Documents/phantom_ws/build/sim_ros2_interface/generated/index.json
/usr/bin/python3 /home/johanito/Documents/coppeliasim/programming/include/simStubsGen/generate_ce.py /home/johanito/Documents/phantom_ws/build/sim_ros2_interface/generated/reference.xml /home/johanito/Documents/phantom_ws/build/sim_ros2_interface/generated/ce.lua
/usr/bin/python3 /home/johanito/Documents/coppeliasim/programming/include/simStubsGen/external/pycpp/pycpp.py -p xml_file=/home/johanito/Documents/phantom_ws/src/sim_ros2_interface/meta/callbacks.xml -P /home/johanito/Documents/coppeliasim/programming/include/simStubsGen -i /home/johanito/Documents/coppeliasim/programming/include/simStubsGen/cpp/stubs.cpp -o /home/johanito/Documents/phantom_ws/build/sim_ros2_interface/generated/stubs.cpp
/usr/bin/python3 /home/johanito/Documents/coppeliasim/programming/include/simStubsGen/external/pycpp/pycpp.py -p xml_file=/home/johanito/Documents/phantom_ws/src/sim_ros2_interface/meta/callbacks.xml -P /home/johanito/Documents/coppeliasim/programming/include/simStubsGen -i /home/johanito/Documents/coppeliasim/programming/include/simStubsGen/cpp/stubs.h -o /home/johanito/Documents/phantom_ws/build/sim_ros2_interface/generated/stubs.h
/usr/bin/python3 /home/johanito/Documents/coppeliasim/programming/include/simStubsGen/external/pycpp/pycpp.py -p xml_file=/home/johanito/Documents/phantom_ws/src/sim_ros2_interface/meta/callbacks.xml -P /home/johanito/Documents/coppeliasim/programming/include/simStubsGen -i /home/johanito/Documents/coppeliasim/programming/include/simStubsGen/cpp/plugin.h -o /home/johanito/Documents/phantom_ws/build/sim_ros2_interface/generated/plugin.h
/usr/bin/python3 /home/johanito/Documents/coppeliasim/programming/include/simStubsGen/external/pycpp/pycpp.py -p xml_file=/home/johanito/Documents/phantom_ws/src/sim_ros2_interface/meta/callbacks.xml -P /home/johanito/Documents/coppeliasim/programming/include/simStubsGen -i /home/johanito/Documents/coppeliasim/programming/include/simStubsGen/cpp/stubsPlusPlus.cpp -o /home/johanito/Documents/phantom_ws/build/sim_ros2_interface/generated/stubsPlusPlus.cpp
[ 80%] [32mBuilding CXX object CMakeFiles/simROS2.dir/home/johanito/Documents/coppeliasim/programming/include/simLib/simLib.cpp.o[0m
[ 82%] [32mBuilding CXX object CMakeFiles/simROS2.dir/home/johanito/Documents/coppeliasim/programming/include/simPlusPlus/Plugin.cpp.o[0m
[ 85%] [32mBuilding CXX object CMakeFiles/simROS2.dir/src/sim_ros2_interface.cpp.o[0m
[ 87%] [32mBuilding CXX object CMakeFiles/simROS2.dir/src/ros_msg_builtin_io.cpp.o[0m
[ 90%] [32mBuilding CXX object CMakeFiles/simROS2.dir/home/johanito/Documents/coppeliasim/programming/include/simPlusPlus/Lib.cpp.o[0m
[ 92%] [32mBuilding CXX object CMakeFiles/simROS2.dir/generated/stubs.cpp.o[0m
