[0.152s] Invoking command in '/home/johanito/Documents/phantom_ws/build/dynamixel_sdk': /usr/bin/cmake --build /home/johanito/Documents/phantom_ws/build/dynamixel_sdk -- -j4 -l4
[1.814s] [35m[1mConsolidate compiler generated dependencies of target dynamixel_sdk[0m
[2.286s] [100%] Built target dynamixel_sdk
[2.337s] Invoked command in '/home/johanito/Documents/phantom_ws/build/dynamixel_sdk' returned '0': /usr/bin/cmake --build /home/johanito/Documents/phantom_ws/build/dynamixel_sdk -- -j4 -l4
[2.416s] Invoking command in '/home/johanito/Documents/phantom_ws/build/dynamixel_sdk': /usr/bin/cmake --install /home/johanito/Documents/phantom_ws/build/dynamixel_sdk
[2.446s] -- Install configuration: ""
[2.487s] -- Execute custom install script
[2.491s] -- Up-to-date symlink: /home/johanito/Documents/phantom_ws/install/dynamixel_sdk/include//dynamixel_sdk/dynamixel_sdk.h
[2.491s] -- Up-to-date symlink: /home/johanito/Documents/phantom_ws/install/dynamixel_sdk/include//dynamixel_sdk/group_bulk_read.h
[2.493s] -- Up-to-date symlink: /home/johanito/Documents/phantom_ws/install/dynamixel_sdk/include//dynamixel_sdk/group_bulk_write.h
[2.494s] -- Up-to-date symlink: /home/johanito/Documents/phantom_ws/install/dynamixel_sdk/include//dynamixel_sdk/group_sync_read.h
[2.497s] -- Up-to-date symlink: /home/johanito/Documents/phantom_ws/install/dynamixel_sdk/include//dynamixel_sdk/group_sync_write.h
[2.497s] -- Up-to-date symlink: /home/johanito/Documents/phantom_ws/install/dynamixel_sdk/include//dynamixel_sdk/packet_handler.h
[2.500s] -- Up-to-date symlink: /home/johanito/Documents/phantom_ws/install/dynamixel_sdk/include//dynamixel_sdk/port_handler.h
[2.500s] -- Up-to-date symlink: /home/johanito/Documents/phantom_ws/install/dynamixel_sdk/include//dynamixel_sdk/port_handler_arduino.h
[2.503s] -- Up-to-date symlink: /home/johanito/Documents/phantom_ws/install/dynamixel_sdk/include//dynamixel_sdk/port_handler_linux.h
[2.504s] -- Up-to-date symlink: /home/johanito/Documents/phantom_ws/install/dynamixel_sdk/include//dynamixel_sdk/port_handler_mac.h
[2.507s] -- Up-to-date symlink: /home/johanito/Documents/phantom_ws/install/dynamixel_sdk/include//dynamixel_sdk/port_handler_windows.h
[2.508s] -- Up-to-date symlink: /home/johanito/Documents/phantom_ws/install/dynamixel_sdk/include//dynamixel_sdk/protocol1_packet_handler.h
[2.508s] -- Up-to-date symlink: /home/johanito/Documents/phantom_ws/install/dynamixel_sdk/include//dynamixel_sdk/protocol2_packet_handler.h
[2.519s] -- Up-to-date symlink: /home/johanito/Documents/phantom_ws/install/dynamixel_sdk/lib/libdynamixel_sdk.so
[2.521s] -- Up-to-date symlink: /home/johanito/Documents/phantom_ws/install/dynamixel_sdk/share/dynamixel_sdk/environment/library_path.sh
[2.522s] -- Up-to-date symlink: /home/johanito/Documents/phantom_ws/install/dynamixel_sdk/share/dynamixel_sdk/environment/library_path.dsv
[2.523s] -- Up-to-date symlink: /home/johanito/Documents/phantom_ws/install/dynamixel_sdk/share/ament_index/resource_index/package_run_dependencies/dynamixel_sdk
[2.524s] -- Up-to-date symlink: /home/johanito/Documents/phantom_ws/install/dynamixel_sdk/share/ament_index/resource_index/parent_prefix_path/dynamixel_sdk
[2.526s] -- Up-to-date symlink: /home/johanito/Documents/phantom_ws/install/dynamixel_sdk/share/dynamixel_sdk/environment/ament_prefix_path.sh
[2.526s] -- Up-to-date symlink: /home/johanito/Documents/phantom_ws/install/dynamixel_sdk/share/dynamixel_sdk/environment/ament_prefix_path.dsv
[2.527s] -- Up-to-date symlink: /home/johanito/Documents/phantom_ws/install/dynamixel_sdk/share/dynamixel_sdk/environment/path.sh
[2.528s] -- Up-to-date symlink: /home/johanito/Documents/phantom_ws/install/dynamixel_sdk/share/dynamixel_sdk/environment/path.dsv
[2.529s] -- Up-to-date symlink: /home/johanito/Documents/phantom_ws/install/dynamixel_sdk/share/dynamixel_sdk/local_setup.bash
[2.530s] -- Up-to-date symlink: /home/johanito/Documents/phantom_ws/install/dynamixel_sdk/share/dynamixel_sdk/local_setup.sh
[2.533s] -- Up-to-date symlink: /home/johanito/Documents/phantom_ws/install/dynamixel_sdk/share/dynamixel_sdk/local_setup.zsh
[2.534s] -- Up-to-date symlink: /home/johanito/Documents/phantom_ws/install/dynamixel_sdk/share/dynamixel_sdk/local_setup.dsv
[2.535s] -- Symlinking: /home/johanito/Documents/phantom_ws/install/dynamixel_sdk/share/dynamixel_sdk/package.dsv
[2.565s] -- Up-to-date symlink: /home/johanito/Documents/phantom_ws/install/dynamixel_sdk/share/ament_index/resource_index/packages/dynamixel_sdk
[2.569s] -- Up-to-date symlink: /home/johanito/Documents/phantom_ws/install/dynamixel_sdk/share/dynamixel_sdk/cmake/ament_cmake_export_include_directories-extras.cmake
[2.570s] -- Up-to-date symlink: /home/johanito/Documents/phantom_ws/install/dynamixel_sdk/share/dynamixel_sdk/cmake/ament_cmake_export_libraries-extras.cmake
[2.571s] -- Up-to-date symlink: /home/johanito/Documents/phantom_ws/install/dynamixel_sdk/share/dynamixel_sdk/cmake/dynamixel_sdkConfig.cmake
[2.574s] -- Up-to-date symlink: /home/johanito/Documents/phantom_ws/install/dynamixel_sdk/share/dynamixel_sdk/cmake/dynamixel_sdkConfig-version.cmake
[2.575s] -- Up-to-date symlink: /home/johanito/Documents/phantom_ws/install/dynamixel_sdk/share/dynamixel_sdk/package.xml
[3.024s] Invoked command in '/home/johanito/Documents/phantom_ws/build/dynamixel_sdk' returned '0': /usr/bin/cmake --install /home/johanito/Documents/phantom_ws/build/dynamixel_sdk
