[0.431s] Invoking command in '/home/johanito/Documents/phantom_ws/build/phantom_control': /usr/bin/cmake --build /home/johanito/Documents/phantom_ws/build/phantom_control -- -j4 -l4
[1.786s] [35m[1mConsolidate compiler generated dependencies of target phantom_control[0m
[2.620s] [100%] Built target phantom_control
[3.054s] Invoked command in '/home/johanito/Documents/phantom_ws/build/phantom_control' returned '0': /usr/bin/cmake --build /home/johanito/Documents/phantom_ws/build/phantom_control -- -j4 -l4
[3.211s] Invoking command in '/home/johanito/Documents/phantom_ws/build/phantom_control': /usr/bin/cmake --install /home/johanito/Documents/phantom_ws/build/phantom_control
[3.277s] -- Install configuration: ""
[3.293s] -- Execute custom install script
[3.295s] -- Up-to-date symlink: /home/johanito/Documents/phantom_ws/install/phantom_control/share/phantom_control//phantom_control.xml
[3.296s] -- Up-to-date symlink: /home/johanito/Documents/phantom_ws/install/phantom_control/include/phantom_control/phantom_control/topic_based_system.hpp
[3.336s] -- Up-to-date symlink: /home/johanito/Documents/phantom_ws/install/phantom_control/share/phantom_control//launch/bringup_launch.py
[3.336s] -- Up-to-date symlink: /home/johanito/Documents/phantom_ws/install/phantom_control/share/phantom_control//config/phantom_controllers.yaml
[3.337s] -- Up-to-date symlink: /home/johanito/Documents/phantom_ws/install/phantom_control/share/phantom_control//hardware/include/phantom_control/topic_based_system.hpp
[3.338s] -- Up-to-date symlink: /home/johanito/Documents/phantom_ws/install/phantom_control/share/phantom_control//hardware/topic_based_system.cpp
[3.340s] -- Up-to-date symlink: /home/johanito/Documents/phantom_ws/install/phantom_control/share/phantom_control//description/phantom.ros2_control.xacro
[3.342s] -- Up-to-date symlink: /home/johanito/Documents/phantom_ws/install/phantom_control/share/ament_index/resource_index/package_run_dependencies/phantom_control
[3.346s] -- Up-to-date symlink: /home/johanito/Documents/phantom_ws/install/phantom_control/share/ament_index/resource_index/parent_prefix_path/phantom_control
[3.347s] -- Up-to-date symlink: /home/johanito/Documents/phantom_ws/install/phantom_control/share/phantom_control/environment/ament_prefix_path.sh
[3.349s] -- Up-to-date symlink: /home/johanito/Documents/phantom_ws/install/phantom_control/share/phantom_control/environment/ament_prefix_path.dsv
[3.350s] -- Up-to-date symlink: /home/johanito/Documents/phantom_ws/install/phantom_control/share/phantom_control/environment/path.sh
[3.351s] -- Up-to-date symlink: /home/johanito/Documents/phantom_ws/install/phantom_control/share/phantom_control/environment/path.dsv
[3.351s] -- Up-to-date symlink: /home/johanito/Documents/phantom_ws/install/phantom_control/share/phantom_control/local_setup.bash
[3.352s] -- Up-to-date symlink: /home/johanito/Documents/phantom_ws/install/phantom_control/share/phantom_control/local_setup.sh
[3.353s] -- Up-to-date symlink: /home/johanito/Documents/phantom_ws/install/phantom_control/share/phantom_control/local_setup.zsh
[3.354s] -- Up-to-date symlink: /home/johanito/Documents/phantom_ws/install/phantom_control/share/phantom_control/local_setup.dsv
[3.355s] -- Symlinking: /home/johanito/Documents/phantom_ws/install/phantom_control/share/phantom_control/package.dsv
[3.386s] -- Up-to-date symlink: /home/johanito/Documents/phantom_ws/install/phantom_control/share/ament_index/resource_index/packages/phantom_control
[3.386s] -- Up-to-date symlink: /home/johanito/Documents/phantom_ws/install/phantom_control/share/ament_index/resource_index/hardware_interface__pluginlib__plugin/phantom_control
[3.388s] -- Up-to-date symlink: /home/johanito/Documents/phantom_ws/install/phantom_control/share/phantom_control/cmake/ament_cmake_export_dependencies-extras.cmake
[3.389s] -- Up-to-date symlink: /home/johanito/Documents/phantom_ws/install/phantom_control/share/phantom_control/cmake/phantom_controlConfig.cmake
[3.390s] -- Up-to-date symlink: /home/johanito/Documents/phantom_ws/install/phantom_control/share/phantom_control/cmake/phantom_controlConfig-version.cmake
[3.390s] -- Up-to-date symlink: /home/johanito/Documents/phantom_ws/install/phantom_control/share/phantom_control/package.xml
[3.448s] -- Up-to-date: /home/johanito/Documents/phantom_ws/install/phantom_control/lib/libphantom_control.so
[3.611s] Invoked command in '/home/johanito/Documents/phantom_ws/build/phantom_control' returned '0': /usr/bin/cmake --install /home/johanito/Documents/phantom_ws/build/phantom_control
