-- The C compiler identification is GNU 11.4.0
-- The CXX compiler identification is GNU 11.4.0
-- Detecting C compiler ABI info
-- Detecting C compiler ABI info - done
-- Check for working C compiler: /usr/bin/cc - skipped
-- Detecting C compile features
-- Detecting C compile features - done
-- Detecting CXX compiler ABI info
-- Detecting CXX compiler ABI info - done
-- Check for working CXX compiler: /usr/bin/c++ - skipped
-- Detecting CXX compile features
-- Detecting CXX compile features - done
-- Found hardware_interface: 2.48.0 (/opt/ros/humble/share/hardware_interface/cmake)
-- Found Python3: /usr/bin/python3 (found version "3.10.12") found components: Interpreter 
-- Override CMake install command with custom implementation using symlinks instead of copying resources
-- Found rosidl_generator_c: 3.1.6 (/opt/ros/humble/share/rosidl_generator_c/cmake)
-- Found rosidl_adapter: 3.1.6 (/opt/ros/humble/share/rosidl_adapter/cmake)
-- Found rosidl_generator_cpp: 3.1.6 (/opt/ros/humble/share/rosidl_generator_cpp/cmake)
-- Using all available rosidl_typesupport_c: rosidl_typesupport_fastrtps_c;rosidl_typesupport_introspection_c
-- Using all available rosidl_typesupport_cpp: rosidl_typesupport_fastrtps_cpp;rosidl_typesupport_introspection_cpp
-- Found rmw_implementation_cmake: 6.1.2 (/opt/ros/humble/share/rmw_implementation_cmake/cmake)
-- Found rmw_fastrtps_cpp: 6.2.7 (/opt/ros/humble/share/rmw_fastrtps_cpp/cmake)
-- Found TinyXML2 via Config file: TinyXML2_DIR-NOTFOUND
-- Found OpenSSL: /usr/lib/x86_64-linux-gnu/libcrypto.so (found version "3.0.2")  
-- Found TinyXML2 via Config file: TinyXML2_DIR-NOTFOUND
-- Found FastRTPS: /opt/ros/humble/include  
-- Found TinyXML2 via Config file: TinyXML2_DIR-NOTFOUND
-- Found TinyXML2 via Config file: TinyXML2_DIR-NOTFOUND
-- Using RMW implementation 'rmw_fastrtps_cpp' as default
-- Looking for pthread.h
-- Looking for pthread.h - found
-- Performing Test CMAKE_HAVE_LIBC_PTHREAD
-- Performing Test CMAKE_HAVE_LIBC_PTHREAD - Success
-- Found Threads: TRUE  
-- Found angles: 1.15.0 (/opt/ros/humble/share/angles/cmake)
-- Found rclpy: 3.3.15 (/opt/ros/humble/share/rclpy/cmake)
-- Found ament_lint_auto: 0.12.11 (/opt/ros/humble/share/ament_lint_auto/cmake)
-- Added test 'cppcheck' to perform static code analysis on C / C++ code
-- Configured cppcheck include dirs: $<BUILD_INTERFACE:/home/johanito/Documents/phantom_ws/src/phantom_control/hardware/include>
-- Configured cppcheck exclude dirs and/or files: 
-- Added test 'flake8' to check Python code syntax and style conventions
-- Added test 'lint_cmake' to check CMake code style
-- Added test 'pep257' to check Python code against some of the docstring style conventions in PEP 257
-- Added test 'uncrustify' to check C / C++ code style
-- Configured uncrustify additional arguments: 
-- Added test 'xmllint' to check XML markup files
-- Configuring done
-- Generating done
-- Build files have been written to: /home/johanito/Documents/phantom_ws/build/phantom_control
[ 50%] [32mBuilding CXX object CMakeFiles/phantom_control.dir/hardware/topic_based_system.cpp.o[0m
[100%] [32m[1mLinking CXX shared library libphantom_control.so[0m
[100%] Built target phantom_control
-- Install configuration: ""
-- Execute custom install script
-- Symlinking: /home/johanito/Documents/phantom_ws/install/phantom_control/share/phantom_control//phantom_control.xml
-- Symlinking: /home/johanito/Documents/phantom_ws/install/phantom_control/include/phantom_control/phantom_control/topic_based_system.hpp
-- Symlinking: /home/johanito/Documents/phantom_ws/install/phantom_control/share/phantom_control//launch/bringup_launch.py
-- Symlinking: /home/johanito/Documents/phantom_ws/install/phantom_control/share/phantom_control//config/phantom_controllers.yaml
-- Symlinking: /home/johanito/Documents/phantom_ws/install/phantom_control/share/phantom_control//hardware/include/phantom_control/topic_based_system.hpp
-- Symlinking: /home/johanito/Documents/phantom_ws/install/phantom_control/share/phantom_control//hardware/topic_based_system.cpp
-- Symlinking: /home/johanito/Documents/phantom_ws/install/phantom_control/share/phantom_control//description/phantom.ros2_control.xacro
-- Symlinking: /home/johanito/Documents/phantom_ws/install/phantom_control/share/ament_index/resource_index/package_run_dependencies/phantom_control
-- Symlinking: /home/johanito/Documents/phantom_ws/install/phantom_control/share/ament_index/resource_index/parent_prefix_path/phantom_control
-- Symlinking: /home/johanito/Documents/phantom_ws/install/phantom_control/share/phantom_control/environment/ament_prefix_path.sh
-- Symlinking: /home/johanito/Documents/phantom_ws/install/phantom_control/share/phantom_control/environment/ament_prefix_path.dsv
-- Symlinking: /home/johanito/Documents/phantom_ws/install/phantom_control/share/phantom_control/environment/path.sh
-- Symlinking: /home/johanito/Documents/phantom_ws/install/phantom_control/share/phantom_control/environment/path.dsv
-- Symlinking: /home/johanito/Documents/phantom_ws/install/phantom_control/share/phantom_control/local_setup.bash
-- Symlinking: /home/johanito/Documents/phantom_ws/install/phantom_control/share/phantom_control/local_setup.sh
-- Symlinking: /home/johanito/Documents/phantom_ws/install/phantom_control/share/phantom_control/local_setup.zsh
-- Symlinking: /home/johanito/Documents/phantom_ws/install/phantom_control/share/phantom_control/local_setup.dsv
-- Symlinking: /home/johanito/Documents/phantom_ws/install/phantom_control/share/phantom_control/package.dsv
-- Symlinking: /home/johanito/Documents/phantom_ws/install/phantom_control/share/ament_index/resource_index/packages/phantom_control
-- Symlinking: /home/johanito/Documents/phantom_ws/install/phantom_control/share/ament_index/resource_index/hardware_interface__pluginlib__plugin/phantom_control
-- Symlinking: /home/johanito/Documents/phantom_ws/install/phantom_control/share/phantom_control/cmake/ament_cmake_export_dependencies-extras.cmake
-- Symlinking: /home/johanito/Documents/phantom_ws/install/phantom_control/share/phantom_control/cmake/phantom_controlConfig.cmake
-- Symlinking: /home/johanito/Documents/phantom_ws/install/phantom_control/share/phantom_control/cmake/phantom_controlConfig-version.cmake
-- Symlinking: /home/johanito/Documents/phantom_ws/install/phantom_control/share/phantom_control/package.xml
-- Installing: /home/johanito/Documents/phantom_ws/install/phantom_control/lib/libphantom_control.so
-- Set runtime path of "/home/johanito/Documents/phantom_ws/install/phantom_control/lib/libphantom_control.so" to ""
