[0.244s] Invoking command in '/home/johanito/Documents/phantom_ws/build/dynamixel_sdk_examples': AMENT_PREFIX_PATH=/home/johanito/Documents/phantom_ws/install/dynamixel_sdk_custom_interfaces:/home/johanito/Documents/phantom_ws/install/dynamixel_sdk:${AMENT_PREFIX_PATH} CMAKE_PREFIX_PATH=/home/johanito/Documents/phantom_ws/install/dynamixel_sdk_custom_interfaces:/home/johanito/Documents/phantom_ws/install/dynamixel_sdk:/opt/ros/humble LD_LIBRARY_PATH=/home/johanito/Documents/phantom_ws/install/dynamixel_sdk_custom_interfaces/lib:/home/johanito/Documents/phantom_ws/install/dynamixel_sdk/lib:${LD_LIBRARY_PATH} PYTHONPATH=/home/johanito/Documents/phantom_ws/install/dynamixel_sdk_custom_interfaces/local/lib/python3.10/dist-packages:${PYTHONPATH} /usr/bin/cmake /home/johanito/Documents/phantom_ws/src/DynamixelSDK/dynamixel_sdk_examples -DAMENT_CMAKE_SYMLINK_INSTALL=1 -DCMAKE_INSTALL_PREFIX=/home/johanito/Documents/phantom_ws/install/dynamixel_sdk_examples
[0.738s] -- The C compiler identification is GNU 11.4.0
[1.011s] -- The CXX compiler identification is GNU 11.4.0
[1.036s] -- Detecting C compiler ABI info
[1.529s] -- Detecting C compiler ABI info - done
[1.570s] -- Check for working C compiler: /usr/bin/cc - skipped
[1.573s] -- Detecting C compile features
[1.575s] -- Detecting C compile features - done
[1.602s] -- Detecting CXX compiler ABI info
[2.052s] -- Detecting CXX compiler ABI info - done
[2.100s] -- Check for working CXX compiler: /usr/bin/c++ - skipped
[2.100s] -- Detecting CXX compile features
[2.103s] -- Detecting CXX compile features - done
[2.187s] -- Found ament_cmake: 1.3.11 (/opt/ros/humble/share/ament_cmake/cmake)
[2.961s] -- Found Python3: /usr/bin/python3 (found version "3.10.12") found components: Interpreter 
[3.371s] -- Override CMake install command with custom implementation using symlinks instead of copying resources
[3.826s] -- Found dynamixel_sdk: 3.7.60 (/home/johanito/Documents/phantom_ws/install/dynamixel_sdk/share/dynamixel_sdk/cmake)
[3.832s] -- Found dynamixel_sdk_custom_interfaces: 3.7.60 (/home/johanito/Documents/phantom_ws/install/dynamixel_sdk_custom_interfaces/share/dynamixel_sdk_custom_interfaces/cmake)
[4.075s] -- Found rosidl_generator_c: 3.1.6 (/opt/ros/humble/share/rosidl_generator_c/cmake)
[4.146s] -- Found rosidl_adapter: 3.1.6 (/opt/ros/humble/share/rosidl_adapter/cmake)
[4.195s] -- Found rosidl_generator_cpp: 3.1.6 (/opt/ros/humble/share/rosidl_generator_cpp/cmake)
[4.391s] -- Using all available rosidl_typesupport_c: rosidl_typesupport_fastrtps_c;rosidl_typesupport_introspection_c
[4.555s] -- Using all available rosidl_typesupport_cpp: rosidl_typesupport_fastrtps_cpp;rosidl_typesupport_introspection_cpp
[4.720s] -- Found rclcpp: 16.0.11 (/opt/ros/humble/share/rclcpp/cmake)
[4.977s] -- Found rmw_implementation_cmake: 6.1.2 (/opt/ros/humble/share/rmw_implementation_cmake/cmake)
[4.990s] -- Found rmw_fastrtps_cpp: 6.2.7 (/opt/ros/humble/share/rmw_fastrtps_cpp/cmake)
[5.724s] -- Found OpenSSL: /usr/lib/x86_64-linux-gnu/libcrypto.so (found version "3.0.2")  
[5.931s] -- Found FastRTPS: /opt/ros/humble/include  
[6.175s] -- Using RMW implementation 'rmw_fastrtps_cpp' as default
[6.222s] -- Looking for pthread.h
[6.736s] -- Looking for pthread.h - found
[6.742s] -- Performing Test CMAKE_HAVE_LIBC_PTHREAD
[7.283s] -- Performing Test CMAKE_HAVE_LIBC_PTHREAD - Success
[7.293s] -- Found Threads: TRUE  
[7.697s] -- Found ament_lint_auto: 0.12.11 (/opt/ros/humble/share/ament_lint_auto/cmake)
[8.397s] -- Added test 'copyright' to check source files copyright and LICENSE
[8.468s] -- Added test 'cppcheck' to perform static code analysis on C / C++ code
[8.469s] -- Configured cppcheck include dirs: /home/johanito/Documents/phantom_ws/src/DynamixelSDK/dynamixel_sdk_examples/include
[8.471s] -- Configured cppcheck exclude dirs and/or files: 
[8.488s] -- Added test 'cpplint' to check C / C++ code against the Google style
[8.489s] -- Configured cpplint exclude dirs and/or files: 
[8.489s] -- Added test 'lint_cmake' to check CMake code style
[8.500s] -- Added test 'uncrustify' to check C / C++ code style
[8.501s] -- Configured uncrustify additional arguments: 
[8.501s] -- Added test 'xmllint' to check XML markup files
[8.521s] -- Configuring done
[8.579s] -- Generating done
[8.598s] -- Build files have been written to: /home/johanito/Documents/phantom_ws/build/dynamixel_sdk_examples
[8.658s] Invoked command in '/home/johanito/Documents/phantom_ws/build/dynamixel_sdk_examples' returned '0': AMENT_PREFIX_PATH=/home/johanito/Documents/phantom_ws/install/dynamixel_sdk_custom_interfaces:/home/johanito/Documents/phantom_ws/install/dynamixel_sdk:${AMENT_PREFIX_PATH} CMAKE_PREFIX_PATH=/home/johanito/Documents/phantom_ws/install/dynamixel_sdk_custom_interfaces:/home/johanito/Documents/phantom_ws/install/dynamixel_sdk:/opt/ros/humble LD_LIBRARY_PATH=/home/johanito/Documents/phantom_ws/install/dynamixel_sdk_custom_interfaces/lib:/home/johanito/Documents/phantom_ws/install/dynamixel_sdk/lib:${LD_LIBRARY_PATH} PYTHONPATH=/home/johanito/Documents/phantom_ws/install/dynamixel_sdk_custom_interfaces/local/lib/python3.10/dist-packages:${PYTHONPATH} /usr/bin/cmake /home/johanito/Documents/phantom_ws/src/DynamixelSDK/dynamixel_sdk_examples -DAMENT_CMAKE_SYMLINK_INSTALL=1 -DCMAKE_INSTALL_PREFIX=/home/johanito/Documents/phantom_ws/install/dynamixel_sdk_examples
[8.667s] Invoking command in '/home/johanito/Documents/phantom_ws/build/dynamixel_sdk_examples': AMENT_PREFIX_PATH=/home/johanito/Documents/phantom_ws/install/dynamixel_sdk_custom_interfaces:/home/johanito/Documents/phantom_ws/install/dynamixel_sdk:${AMENT_PREFIX_PATH} CMAKE_PREFIX_PATH=/home/johanito/Documents/phantom_ws/install/dynamixel_sdk_custom_interfaces:/home/johanito/Documents/phantom_ws/install/dynamixel_sdk:/opt/ros/humble LD_LIBRARY_PATH=/home/johanito/Documents/phantom_ws/install/dynamixel_sdk_custom_interfaces/lib:/home/johanito/Documents/phantom_ws/install/dynamixel_sdk/lib:${LD_LIBRARY_PATH} PYTHONPATH=/home/johanito/Documents/phantom_ws/install/dynamixel_sdk_custom_interfaces/local/lib/python3.10/dist-packages:${PYTHONPATH} /usr/bin/cmake --build /home/johanito/Documents/phantom_ws/build/dynamixel_sdk_examples -- -j4 -l4
[8.961s] [ 50%] [32mBuilding CXX object CMakeFiles/read_write_node.dir/src/read_write_node.cpp.o[0m
[51.843s] [100%] [32m[1mLinking CXX executable read_write_node[0m
[54.251s] [100%] Built target read_write_node
[54.292s] Invoked command in '/home/johanito/Documents/phantom_ws/build/dynamixel_sdk_examples' returned '0': AMENT_PREFIX_PATH=/home/johanito/Documents/phantom_ws/install/dynamixel_sdk_custom_interfaces:/home/johanito/Documents/phantom_ws/install/dynamixel_sdk:${AMENT_PREFIX_PATH} CMAKE_PREFIX_PATH=/home/johanito/Documents/phantom_ws/install/dynamixel_sdk_custom_interfaces:/home/johanito/Documents/phantom_ws/install/dynamixel_sdk:/opt/ros/humble LD_LIBRARY_PATH=/home/johanito/Documents/phantom_ws/install/dynamixel_sdk_custom_interfaces/lib:/home/johanito/Documents/phantom_ws/install/dynamixel_sdk/lib:${LD_LIBRARY_PATH} PYTHONPATH=/home/johanito/Documents/phantom_ws/install/dynamixel_sdk_custom_interfaces/local/lib/python3.10/dist-packages:${PYTHONPATH} /usr/bin/cmake --build /home/johanito/Documents/phantom_ws/build/dynamixel_sdk_examples -- -j4 -l4
[54.302s] Invoking command in '/home/johanito/Documents/phantom_ws/build/dynamixel_sdk_examples': AMENT_PREFIX_PATH=/home/johanito/Documents/phantom_ws/install/dynamixel_sdk_custom_interfaces:/home/johanito/Documents/phantom_ws/install/dynamixel_sdk:${AMENT_PREFIX_PATH} CMAKE_PREFIX_PATH=/home/johanito/Documents/phantom_ws/install/dynamixel_sdk_custom_interfaces:/home/johanito/Documents/phantom_ws/install/dynamixel_sdk:/opt/ros/humble LD_LIBRARY_PATH=/home/johanito/Documents/phantom_ws/install/dynamixel_sdk_custom_interfaces/lib:/home/johanito/Documents/phantom_ws/install/dynamixel_sdk/lib:${LD_LIBRARY_PATH} PYTHONPATH=/home/johanito/Documents/phantom_ws/install/dynamixel_sdk_custom_interfaces/local/lib/python3.10/dist-packages:${PYTHONPATH} /usr/bin/cmake --install /home/johanito/Documents/phantom_ws/build/dynamixel_sdk_examples
[54.327s] -- Install configuration: ""
[54.329s] -- Execute custom install script
[54.331s] -- Symlinking: /home/johanito/Documents/phantom_ws/install/dynamixel_sdk_examples/lib/dynamixel_sdk_examples/read_write_node
[54.368s] -- Symlinking: /home/johanito/Documents/phantom_ws/install/dynamixel_sdk_examples/share/ament_index/resource_index/package_run_dependencies/dynamixel_sdk_examples
[54.404s] -- Symlinking: /home/johanito/Documents/phantom_ws/install/dynamixel_sdk_examples/share/ament_index/resource_index/parent_prefix_path/dynamixel_sdk_examples
[54.448s] -- Symlinking: /home/johanito/Documents/phantom_ws/install/dynamixel_sdk_examples/share/dynamixel_sdk_examples/environment/ament_prefix_path.sh
[54.496s] -- Symlinking: /home/johanito/Documents/phantom_ws/install/dynamixel_sdk_examples/share/dynamixel_sdk_examples/environment/ament_prefix_path.dsv
[54.534s] -- Symlinking: /home/johanito/Documents/phantom_ws/install/dynamixel_sdk_examples/share/dynamixel_sdk_examples/environment/path.sh
[54.567s] -- Symlinking: /home/johanito/Documents/phantom_ws/install/dynamixel_sdk_examples/share/dynamixel_sdk_examples/environment/path.dsv
[54.609s] -- Symlinking: /home/johanito/Documents/phantom_ws/install/dynamixel_sdk_examples/share/dynamixel_sdk_examples/local_setup.bash
[54.638s] -- Symlinking: /home/johanito/Documents/phantom_ws/install/dynamixel_sdk_examples/share/dynamixel_sdk_examples/local_setup.sh
[54.667s] -- Symlinking: /home/johanito/Documents/phantom_ws/install/dynamixel_sdk_examples/share/dynamixel_sdk_examples/local_setup.zsh
[54.763s] -- Symlinking: /home/johanito/Documents/phantom_ws/install/dynamixel_sdk_examples/share/dynamixel_sdk_examples/local_setup.dsv
[54.763s] -- Symlinking: /home/johanito/Documents/phantom_ws/install/dynamixel_sdk_examples/share/dynamixel_sdk_examples/package.dsv
[54.766s] -- Symlinking: /home/johanito/Documents/phantom_ws/install/dynamixel_sdk_examples/share/ament_index/resource_index/packages/dynamixel_sdk_examples
[54.797s] -- Symlinking: /home/johanito/Documents/phantom_ws/install/dynamixel_sdk_examples/share/dynamixel_sdk_examples/cmake/dynamixel_sdk_examplesConfig.cmake
[54.830s] -- Symlinking: /home/johanito/Documents/phantom_ws/install/dynamixel_sdk_examples/share/dynamixel_sdk_examples/cmake/dynamixel_sdk_examplesConfig-version.cmake
[54.864s] -- Symlinking: /home/johanito/Documents/phantom_ws/install/dynamixel_sdk_examples/share/dynamixel_sdk_examples/package.xml
[54.905s] Invoked command in '/home/johanito/Documents/phantom_ws/build/dynamixel_sdk_examples' returned '0': AMENT_PREFIX_PATH=/home/johanito/Documents/phantom_ws/install/dynamixel_sdk_custom_interfaces:/home/johanito/Documents/phantom_ws/install/dynamixel_sdk:${AMENT_PREFIX_PATH} CMAKE_PREFIX_PATH=/home/johanito/Documents/phantom_ws/install/dynamixel_sdk_custom_interfaces:/home/johanito/Documents/phantom_ws/install/dynamixel_sdk:/opt/ros/humble LD_LIBRARY_PATH=/home/johanito/Documents/phantom_ws/install/dynamixel_sdk_custom_interfaces/lib:/home/johanito/Documents/phantom_ws/install/dynamixel_sdk/lib:${LD_LIBRARY_PATH} PYTHONPATH=/home/johanito/Documents/phantom_ws/install/dynamixel_sdk_custom_interfaces/local/lib/python3.10/dist-packages:${PYTHONPATH} /usr/bin/cmake --install /home/johanito/Documents/phantom_ws/build/dynamixel_sdk_examples
