[0.250s] Invoking command in '/home/johanito/Documents/phantom_ws/build/dynamixel_sdk_examples': AMENT_PREFIX_PATH=/home/johanito/Documents/phantom_ws/install/dynamixel_sdk_custom_interfaces:/home/johanito/Documents/phantom_ws/install/dynamixel_sdk CMAKE_PREFIX_PATH=/home/johanito/Documents/phantom_ws/install/dynamixel_sdk_custom_interfaces:/home/johanito/Documents/phantom_ws/install/dynamixel_sdk LD_LIBRARY_PATH=/home/johanito/Documents/phantom_ws/install/dynamixel_sdk_custom_interfaces/lib:/home/johanito/Documents/phantom_ws/install/dynamixel_sdk/lib PYTHONPATH=/home/johanito/Documents/phantom_ws/install/dynamixel_sdk_custom_interfaces/local/lib/python3.10/dist-packages /usr/bin/cmake --build /home/johanito/Documents/phantom_ws/build/dynamixel_sdk_examples -- -j4 -l4
[0.510s] [35m[1mConsolidate compiler generated dependencies of target read_write_node[0m
[0.609s] [100%] Built target read_write_node
[0.649s] Invoked command in '/home/johanito/Documents/phantom_ws/build/dynamixel_sdk_examples' returned '0': AMENT_PREFIX_PATH=/home/johanito/Documents/phantom_ws/install/dynamixel_sdk_custom_interfaces:/home/johanito/Documents/phantom_ws/install/dynamixel_sdk CMAKE_PREFIX_PATH=/home/johanito/Documents/phantom_ws/install/dynamixel_sdk_custom_interfaces:/home/johanito/Documents/phantom_ws/install/dynamixel_sdk LD_LIBRARY_PATH=/home/johanito/Documents/phantom_ws/install/dynamixel_sdk_custom_interfaces/lib:/home/johanito/Documents/phantom_ws/install/dynamixel_sdk/lib PYTHONPATH=/home/johanito/Documents/phantom_ws/install/dynamixel_sdk_custom_interfaces/local/lib/python3.10/dist-packages /usr/bin/cmake --build /home/johanito/Documents/phantom_ws/build/dynamixel_sdk_examples -- -j4 -l4
[0.704s] Invoking command in '/home/johanito/Documents/phantom_ws/build/dynamixel_sdk_examples': AMENT_PREFIX_PATH=/home/johanito/Documents/phantom_ws/install/dynamixel_sdk_custom_interfaces:/home/johanito/Documents/phantom_ws/install/dynamixel_sdk CMAKE_PREFIX_PATH=/home/johanito/Documents/phantom_ws/install/dynamixel_sdk_custom_interfaces:/home/johanito/Documents/phantom_ws/install/dynamixel_sdk LD_LIBRARY_PATH=/home/johanito/Documents/phantom_ws/install/dynamixel_sdk_custom_interfaces/lib:/home/johanito/Documents/phantom_ws/install/dynamixel_sdk/lib PYTHONPATH=/home/johanito/Documents/phantom_ws/install/dynamixel_sdk_custom_interfaces/local/lib/python3.10/dist-packages /usr/bin/cmake --install /home/johanito/Documents/phantom_ws/build/dynamixel_sdk_examples
[0.759s] -- Install configuration: ""
[0.771s] -- Execute custom install script
[0.773s] -- Up-to-date symlink: /home/johanito/Documents/phantom_ws/install/dynamixel_sdk_examples/lib/dynamixel_sdk_examples/read_write_node
[0.774s] -- Up-to-date symlink: /home/johanito/Documents/phantom_ws/install/dynamixel_sdk_examples/share/ament_index/resource_index/package_run_dependencies/dynamixel_sdk_examples
[0.775s] -- Up-to-date symlink: /home/johanito/Documents/phantom_ws/install/dynamixel_sdk_examples/share/ament_index/resource_index/parent_prefix_path/dynamixel_sdk_examples
[0.777s] -- Up-to-date symlink: /home/johanito/Documents/phantom_ws/install/dynamixel_sdk_examples/share/dynamixel_sdk_examples/environment/ament_prefix_path.sh
[0.778s] -- Up-to-date symlink: /home/johanito/Documents/phantom_ws/install/dynamixel_sdk_examples/share/dynamixel_sdk_examples/environment/ament_prefix_path.dsv
[0.779s] -- Up-to-date symlink: /home/johanito/Documents/phantom_ws/install/dynamixel_sdk_examples/share/dynamixel_sdk_examples/environment/path.sh
[0.780s] -- Up-to-date symlink: /home/johanito/Documents/phantom_ws/install/dynamixel_sdk_examples/share/dynamixel_sdk_examples/environment/path.dsv
[0.781s] -- Up-to-date symlink: /home/johanito/Documents/phantom_ws/install/dynamixel_sdk_examples/share/dynamixel_sdk_examples/local_setup.bash
[0.782s] -- Up-to-date symlink: /home/johanito/Documents/phantom_ws/install/dynamixel_sdk_examples/share/dynamixel_sdk_examples/local_setup.sh
[0.784s] -- Up-to-date symlink: /home/johanito/Documents/phantom_ws/install/dynamixel_sdk_examples/share/dynamixel_sdk_examples/local_setup.zsh
[0.785s] -- Up-to-date symlink: /home/johanito/Documents/phantom_ws/install/dynamixel_sdk_examples/share/dynamixel_sdk_examples/local_setup.dsv
[0.786s] -- Symlinking: /home/johanito/Documents/phantom_ws/install/dynamixel_sdk_examples/share/dynamixel_sdk_examples/package.dsv
[0.816s] -- Up-to-date symlink: /home/johanito/Documents/phantom_ws/install/dynamixel_sdk_examples/share/ament_index/resource_index/packages/dynamixel_sdk_examples
[0.817s] -- Up-to-date symlink: /home/johanito/Documents/phantom_ws/install/dynamixel_sdk_examples/share/dynamixel_sdk_examples/cmake/dynamixel_sdk_examplesConfig.cmake
[0.817s] -- Up-to-date symlink: /home/johanito/Documents/phantom_ws/install/dynamixel_sdk_examples/share/dynamixel_sdk_examples/cmake/dynamixel_sdk_examplesConfig-version.cmake
[0.818s] -- Up-to-date symlink: /home/johanito/Documents/phantom_ws/install/dynamixel_sdk_examples/share/dynamixel_sdk_examples/package.xml
[0.828s] Invoked command in '/home/johanito/Documents/phantom_ws/build/dynamixel_sdk_examples' returned '0': AMENT_PREFIX_PATH=/home/johanito/Documents/phantom_ws/install/dynamixel_sdk_custom_interfaces:/home/johanito/Documents/phantom_ws/install/dynamixel_sdk CMAKE_PREFIX_PATH=/home/johanito/Documents/phantom_ws/install/dynamixel_sdk_custom_interfaces:/home/johanito/Documents/phantom_ws/install/dynamixel_sdk LD_LIBRARY_PATH=/home/johanito/Documents/phantom_ws/install/dynamixel_sdk_custom_interfaces/lib:/home/johanito/Documents/phantom_ws/install/dynamixel_sdk/lib PYTHONPATH=/home/johanito/Documents/phantom_ws/install/dynamixel_sdk_custom_interfaces/local/lib/python3.10/dist-packages /usr/bin/cmake --install /home/johanito/Documents/phantom_ws/build/dynamixel_sdk_examples
