[0.078s] Invoking command in '/home/johanito/Documents/phantom_ws/build/phantom_control': CMAKE_PREFIX_PATH=${CMAKE_PREFIX_PATH}:/opt/ros/humble /usr/bin/cmake --build /home/johanito/Documents/phantom_ws/build/phantom_control -- -j4 -l4
[0.691s] [100%] Built target phantom_control
[0.736s] Invoked command in '/home/johanito/Documents/phantom_ws/build/phantom_control' returned '0': CMAKE_PREFIX_PATH=${CMAKE_PREFIX_PATH}:/opt/ros/humble /usr/bin/cmake --build /home/johanito/Documents/phantom_ws/build/phantom_control -- -j4 -l4
[0.777s] Invoking command in '/home/johanito/Documents/phantom_ws/build/phantom_control': CMAKE_PREFIX_PATH=${CMAKE_PREFIX_PATH}:/opt/ros/humble /usr/bin/cmake --install /home/johanito/Documents/phantom_ws/build/phantom_control
[0.804s] -- Install configuration: ""
[0.805s] -- Execute custom install script
[0.806s] -- Up-to-date symlink: /home/johanito/Documents/phantom_ws/install/phantom_control/share/phantom_control//phantom_control.xml
[0.808s] -- Up-to-date symlink: /home/johanito/Documents/phantom_ws/install/phantom_control/include/phantom_control/phantom_control/topic_based_system.hpp
[0.809s] -- Up-to-date symlink: /home/johanito/Documents/phantom_ws/install/phantom_control/share/phantom_control//launch/bringup_launch.py
[0.810s] -- Up-to-date symlink: /home/johanito/Documents/phantom_ws/install/phantom_control/share/phantom_control//config/phantom_controllers.yaml
[0.811s] -- Up-to-date symlink: /home/johanito/Documents/phantom_ws/install/phantom_control/share/phantom_control//hardware/include/phantom_control/topic_based_system.hpp
[0.812s] -- Up-to-date symlink: /home/johanito/Documents/phantom_ws/install/phantom_control/share/phantom_control//hardware/topic_based_system.cpp
[0.813s] -- Up-to-date symlink: /home/johanito/Documents/phantom_ws/install/phantom_control/share/phantom_control//description/phantom.ros2_control.xacro
[0.813s] -- Up-to-date symlink: /home/johanito/Documents/phantom_ws/install/phantom_control/share/ament_index/resource_index/package_run_dependencies/phantom_control
[0.814s] -- Up-to-date symlink: /home/johanito/Documents/phantom_ws/install/phantom_control/share/ament_index/resource_index/parent_prefix_path/phantom_control
[0.816s] -- Up-to-date symlink: /home/johanito/Documents/phantom_ws/install/phantom_control/share/phantom_control/environment/ament_prefix_path.sh
[0.817s] -- Up-to-date symlink: /home/johanito/Documents/phantom_ws/install/phantom_control/share/phantom_control/environment/ament_prefix_path.dsv
[0.818s] -- Up-to-date symlink: /home/johanito/Documents/phantom_ws/install/phantom_control/share/phantom_control/environment/path.sh
[0.820s] -- Up-to-date symlink: /home/johanito/Documents/phantom_ws/install/phantom_control/share/phantom_control/environment/path.dsv
[0.821s] -- Up-to-date symlink: /home/johanito/Documents/phantom_ws/install/phantom_control/share/phantom_control/local_setup.bash
[0.823s] -- Up-to-date symlink: /home/johanito/Documents/phantom_ws/install/phantom_control/share/phantom_control/local_setup.sh
[0.824s] -- Up-to-date symlink: /home/johanito/Documents/phantom_ws/install/phantom_control/share/phantom_control/local_setup.zsh
[0.825s] -- Up-to-date symlink: /home/johanito/Documents/phantom_ws/install/phantom_control/share/phantom_control/local_setup.dsv
[0.827s] -- Symlinking: /home/johanito/Documents/phantom_ws/install/phantom_control/share/phantom_control/package.dsv
[0.855s] -- Up-to-date symlink: /home/johanito/Documents/phantom_ws/install/phantom_control/share/ament_index/resource_index/packages/phantom_control
[0.856s] -- Up-to-date symlink: /home/johanito/Documents/phantom_ws/install/phantom_control/share/ament_index/resource_index/hardware_interface__pluginlib__plugin/phantom_control
[0.857s] -- Up-to-date symlink: /home/johanito/Documents/phantom_ws/install/phantom_control/share/phantom_control/cmake/ament_cmake_export_dependencies-extras.cmake
[0.857s] -- Up-to-date symlink: /home/johanito/Documents/phantom_ws/install/phantom_control/share/phantom_control/cmake/phantom_controlConfig.cmake
[0.858s] -- Up-to-date symlink: /home/johanito/Documents/phantom_ws/install/phantom_control/share/phantom_control/cmake/phantom_controlConfig-version.cmake
[0.859s] -- Up-to-date symlink: /home/johanito/Documents/phantom_ws/install/phantom_control/share/phantom_control/package.xml
[0.861s] -- Up-to-date: /home/johanito/Documents/phantom_ws/install/phantom_control/lib/libphantom_control.so
[0.869s] Invoked command in '/home/johanito/Documents/phantom_ws/build/phantom_control' returned '0': CMAKE_PREFIX_PATH=${CMAKE_PREFIX_PATH}:/opt/ros/humble /usr/bin/cmake --install /home/johanito/Documents/phantom_ws/build/phantom_control
